<?xml version="1.0" encoding="UTF-8"?>
<testsuite name="SolverNeedlemanWunschTest" tests="1" skipped="0" failures="0" errors="0" timestamp="2022-10-15T23:37:41" hostname="MacBook-Air-2.local" time="0.013">
  <properties/>
  <testcase name="findSubsequencePositions()" classname="SolverNeedlemanWunschTest" time="0.013"/>
  <system-out><![CDATA[]]></system-out>
  <system-err><![CDATA[]]></system-err>
</testsuite>
