<?xml version="1.0" encoding="UTF-8"?>
<testsuite name="FileScanner.ReaderTest" tests="2" skipped="0" failures="0" errors="0" timestamp="2022-10-28T16:22:29" hostname="MacBook-Air-2.local" time="0.062">
  <properties/>
  <testcase name="testMap()" classname="FileScanner.ReaderTest" time="0.051"/>
  <testcase name="testQuery()" classname="FileScanner.ReaderTest" time="0.01"/>
  <system-out><![CDATA[]]></system-out>
  <system-err><![CDATA[]]></system-err>
</testsuite>
