<?xml version="1.0" encoding="UTF-8"?>
<testsuite name="SolverSubstringTest" tests="1" skipped="0" failures="0" errors="0" timestamp="2022-10-17T00:04:52" hostname="MacBook-Air-2.local" time="0.015">
  <properties/>
  <testcase name="findSubsequencePositions()" classname="SolverSubstringTest" time="0.015"/>
  <system-out><![CDATA[]]></system-out>
  <system-err><![CDATA[]]></system-err>
</testsuite>
