<?xml version="1.0" encoding="UTF-8"?>
<testsuite name="SolvingProblem.PairTest" tests="4" skipped="0" failures="0" errors="0" timestamp="2022-10-28T16:22:29" hostname="MacBook-Air-2.local" time="0.003">
  <properties/>
  <testcase name="equals()" classname="SolvingProblem.PairTest" time="0.002"/>
  <testcase name="hash()" classname="SolvingProblem.PairTest" time="0.0"/>
  <testcase name="getSecond()" classname="SolvingProblem.PairTest" time="0.0"/>
  <testcase name="getFirst()" classname="SolvingProblem.PairTest" time="0.0"/>
  <system-out><![CDATA[]]></system-out>
  <system-err><![CDATA[]]></system-err>
</testsuite>
