<?xml version="1.0" encoding="UTF-8"?>
<testsuite name="SolverSubstringTest" tests="1" skipped="0" failures="0" errors="0" timestamp="2022-10-23T19:37:18" hostname="MacBook-Air-2.local" time="0.012">
  <properties/>
  <testcase name="findSubsequencePositions()" classname="SolverSubstringTest" time="0.012"/>
  <system-out><![CDATA[]]></system-out>
  <system-err><![CDATA[]]></system-err>
</testsuite>
