<?xml version="1.0" encoding="UTF-8"?>
<testsuite name="PairTest" tests="4" skipped="0" failures="0" errors="0" timestamp="2022-10-11T13:42:35" hostname="MacBook-Air-2.local" time="0.015">
  <properties/>
  <testcase name="equals()" classname="PairTest" time="0.013"/>
  <testcase name="hash()" classname="PairTest" time="0.0"/>
  <testcase name="getSecond()" classname="PairTest" time="0.001"/>
  <testcase name="getFirst()" classname="PairTest" time="0.0"/>
  <system-out><![CDATA[]]></system-out>
  <system-err><![CDATA[]]></system-err>
</testsuite>
