<?xml version="1.0" encoding="UTF-8"?>
<testsuite name="SolvingProblem.SolverNeedlemanWunschTest" tests="1" skipped="0" failures="0" errors="0" timestamp="2022-10-28T16:22:29" hostname="MacBook-Air-2.local" time="0.002">
  <properties/>
  <testcase name="findSubsequencePositions()" classname="SolvingProblem.SolverNeedlemanWunschTest" time="0.002"/>
  <system-out><![CDATA[]]></system-out>
  <system-err><![CDATA[]]></system-err>
</testsuite>
